INFO    : Using PreTeXt-CLI version 2.11.4.  The latest stable version available is 2.12.0. Run `pretext upgrade` to update.

INFO    : PreTeXt project found in `/home/Backup/Dropbox/2024/projects/probas`.
WARNING : Using CLI version 2.11.4 but project's `requirements.txt`
WARNING : is configured to use 2.12.0. Consider either installing
WARNING : CLI version 2.12.0 or running `pretext init --refresh`
WARNING : to update `requirements.txt` to match 2.11.4.
INFO    : Since no target was supplied, we will use "web".

INFO    : Building target web
ERROR   : XInclude Error caused build to fail:
ERROR   : /home/Backup/Dropbox/2024/projects/probas/source/variables_aleatoires.ptx:59:13:FATAL:PARSER:ERR_TAG_NAME_MISMATCH: Opening and ending tag mismatch: li line 34 and p
/home/Backup/Dropbox/2024/projects/probas/source/variables_aleatoires.ptx:60:12:FATAL:PARSER:ERR_TAG_NAME_MISMATCH: Opening and ending tag mismatch: ol line 28 and li
/home/Backup/Dropbox/2024/projects/probas/source/variables_aleatoires.ptx:61:10:FATAL:PARSER:ERR_TAG_NAME_MISMATCH: Opening and ending tag mismatch: remark line 27 and ol
/home/Backup/Dropbox/2024/projects/probas/source/variables_aleatoires.ptx:62:12:FATAL:PARSER:ERR_TAG_NAME_MISMATCH: Opening and ending tag mismatch: section line 6 and remark
/home/Backup/Dropbox/2024/projects/probas/source/variables_aleatoires.ptx:66:11:FATAL:PARSER:ERR_TAG_NAME_MISMATCH: Opening and ending tag mismatch: chapter line 3 and section
/home/Backup/Dropbox/2024/projects/probas/source/main.ptx:16:0:ERROR:XINCLUDE:XINCLUDE_NO_FALLBACK: could not load /home/Backup/Dropbox/2024/projects/probas/source/variables_aleatoires.ptx, and no fallback was found
CRITICAL: XML syntax for source file is invalid
INFO    : ------------------------
CRITICAL: Failed to build.  Exiting...
INFO    : 
----------------------------------------------------
INFO    : While running pretext, the following errors occurred:

INFO    : (see log messages above or in the 'logs' folder for more information)
INFO    : ----------------------------------------------------
