INFO    : Since no target was supplied, we will use "web".

INFO    : Building target web
INFO    : Preparing to build into /media/home/Backup/Dropbox/2024/projects/probas/output/web.
INFO    : XSL conversion of /media/home/Backup/Dropbox/2024/projects/probas/source/main.ptx by /home/bmint/.ptx/2.12.0/core/xsl/utilities/report-publisher-variables.xsl
INFO    : successful application of /home/bmint/.ptx/2.12.0/core/xsl/utilities/report-publisher-variables.xsl
INFO    : discovering source file's directory name: /media/home/Backup/Dropbox/2024/projects/probas/source
INFO    : verifying and expanding input directory: /media/home/Backup/Dropbox/2024/projects/probas/source/../generated-assets
INFO    : input directory expanded to absolute path: /media/home/Backup/Dropbox/2024/projects/probas/generated-assets
INFO    : verifying and expanding input directory: /media/home/Backup/Dropbox/2024/projects/probas/source/../assets
INFO    : input directory expanded to absolute path: /media/home/Backup/Dropbox/2024/projects/probas/assets
CRITICAL: unable to get Runestone Services from the Runestone CDN.
This is due to an error reported immediately prior in the log.
Unable to proceed and build useful HTML output without this.
INFO    : ------------------------
CRITICAL: Failed to build.  Exiting...
INFO    : 
----------------------------------------------------
INFO    : While running pretext, the following errors occurred:

INFO    : (see log messages above or in the 'logs' folder for more information)
INFO    : ----------------------------------------------------
