INFO    : Since no target was supplied, we will use "web".

INFO    : Building target web
ERROR   : XInclude Error caused build to fail:
ERROR   : /media/home/Backup/Dropbox/2024/projects/probas/source/generalites.ptx:320:53:FATAL:PARSER:ERR_NAME_REQUIRED: StartTag: invalid element name
/media/home/Backup/Dropbox/2024/projects/probas/source/generalites.ptx:329:15:FATAL:PARSER:ERR_TAG_NAME_MISMATCH: Opening and ending tag mismatch: m line 320 and p
/media/home/Backup/Dropbox/2024/projects/probas/source/generalites.ptx:330:14:FATAL:PARSER:ERR_TAG_NAME_MISMATCH: Opening and ending tag mismatch: p line 311 and li
/media/home/Backup/Dropbox/2024/projects/probas/source/generalites.ptx:331:12:FATAL:PARSER:ERR_TAG_NAME_MISMATCH: Opening and ending tag mismatch: li line 310 and ol
/media/home/Backup/Dropbox/2024/projects/probas/source/generalites.ptx:332:9:FATAL:PARSER:ERR_TAG_NAME_MISMATCH: Opening and ending tag mismatch: ol line 294 and p
/media/home/Backup/Dropbox/2024/projects/probas/source/generalites.ptx:333:13:FATAL:PARSER:ERR_TAG_NAME_MISMATCH: Opening and ending tag mismatch: p line 293 and example
/media/home/Backup/Dropbox/2024/projects/probas/source/generalites.ptx:335:11:FATAL:PARSER:ERR_TAG_NAME_MISMATCH: Opening and ending tag mismatch: example line 292 and section
/media/home/Backup/Dropbox/2024/projects/probas/source/generalites.ptx:413:11:FATAL:PARSER:ERR_TAG_NAME_MISMATCH: Opening and ending tag mismatch: section line 271 and chapter
/media/home/Backup/Dropbox/2024/projects/probas/source/main.ptx:15:0:ERROR:XINCLUDE:XINCLUDE_NO_FALLBACK: could not load /media/home/Backup/Dropbox/2024/projects/probas/source/generalites.ptx, and no fallback was found
CRITICAL: XML syntax for source file is invalid
INFO    : ------------------------
CRITICAL: Failed to build.  Exiting...
INFO    : 
----------------------------------------------------
INFO    : While running pretext, the following errors occurred:

INFO    : (see log messages above or in the 'logs' folder for more information)
INFO    : ----------------------------------------------------
