INFO    : Using PreTeXt-CLI version 2.11.4.  The latest stable version available is 2.12.0. Run `pretext upgrade` to update.

INFO    : PreTeXt project found in `/home/Backup/Dropbox/2024/projects/probas`.
WARNING : Using CLI version 2.11.4 but project's `requirements.txt`
WARNING : is configured to use 2.12.0. Consider either installing
WARNING : CLI version 2.12.0 or running `pretext init --refresh`
WARNING : to update `requirements.txt` to match 2.11.4.
INFO    : Since no target was supplied, we will use "web".

INFO    : Building target web
INFO    : Preparing to build into /home/Backup/Dropbox/2024/projects/probas/output/web.
INFO    : XSL conversion of /home/Backup/Dropbox/2024/projects/probas/source/main.ptx by /home/mxbouja/.ptx/2.11.4/core/xsl/utilities/report-publisher-variables.xsl
INFO    : successful application of /home/mxbouja/.ptx/2.11.4/core/xsl/utilities/report-publisher-variables.xsl
INFO    : discovering source file's directory name: /home/Backup/Dropbox/2024/projects/probas/source
INFO    : verifying and expanding input directory: /home/Backup/Dropbox/2024/projects/probas/source/../generated-assets
INFO    : input directory expanded to absolute path: /home/Backup/Dropbox/2024/projects/probas/generated-assets
INFO    : verifying and expanding input directory: /home/Backup/Dropbox/2024/projects/probas/source/../assets
INFO    : input directory expanded to absolute path: /home/Backup/Dropbox/2024/projects/probas/assets
INFO    : Runestone Services via online CDN query: version 7.5.4
INFO    : Downloading Runestone Services, version 7.5.4
INFO    : Extracting Runestone Services from archive file
INFO    : converting /home/Backup/Dropbox/2024/projects/probas/source/main.ptx to HTML in /tmp/ptx-wbyh40r8
INFO    : XSL conversion of /home/Backup/Dropbox/2024/projects/probas/source/main.ptx by /home/mxbouja/.ptx/2.11.4/core/xsl/pretext-html.xsl
INFO    : messages from the log for XSL processing:
INFO    : * PTX:INFO:   checking ONLY the last TWO YEARS of element deprecations.
Rerun with the string parameter "author.deprecations.all" set to "yes" to check your source against all deprecations.
INFO    : successful application of /home/mxbouja/.ptx/2.11.4/core/xsl/pretext-html.xsl
INFO    : Removing temporary directory /tmp/ptx-4ddnfi8h
INFO    : Removing temporary directory /tmp/ptx-wbyh40r8
INFO    : 
Success! Run `pretext view` to see the results.

INFO    : 
