INFO    : Since no target was supplied, we will use "web".

INFO    : Building target web
INFO    : Preparing to build into /media/home/Backup/Dropbox/2024/projects/probas/output/web.
INFO    : XSL conversion of /media/home/Backup/Dropbox/2024/projects/probas/source/main.ptx by /home/bmint/.ptx/2.12.0/core/xsl/utilities/report-publisher-variables.xsl
INFO    : messages from the log for XSL processing:
ERROR   : * PTX:ERROR: the @xml:id value "ch-generalites" should be unique, but is authored multiple times.
INFO    : *            Results will be unpredictable, and likely incorrect.  Information on the locations follows:
INFO    : successful application of /home/bmint/.ptx/2.12.0/core/xsl/utilities/report-publisher-variables.xsl
INFO    : discovering source file's directory name: /media/home/Backup/Dropbox/2024/projects/probas/source
INFO    : verifying and expanding input directory: /media/home/Backup/Dropbox/2024/projects/probas/source/../generated-assets
INFO    : input directory expanded to absolute path: /media/home/Backup/Dropbox/2024/projects/probas/generated-assets
INFO    : verifying and expanding input directory: /media/home/Backup/Dropbox/2024/projects/probas/source/../assets
INFO    : input directory expanded to absolute path: /media/home/Backup/Dropbox/2024/projects/probas/assets
INFO    : Runestone Services via online CDN query: version 7.5.2
INFO    : Downloading Runestone Services, version 7.5.2
INFO    : Extracting Runestone Services from archive file
INFO    : converting /media/home/Backup/Dropbox/2024/projects/probas/source/main.ptx to HTML in /tmp/ptx-nf3410t8
INFO    : XSL conversion of /media/home/Backup/Dropbox/2024/projects/probas/source/main.ptx by /home/bmint/.ptx/2.12.0/core/xsl/pretext-html.xsl
INFO    : messages from the log for XSL processing:
ERROR   : * PTX:ERROR: the @xml:id value "ch-generalites" should be unique, but is authored multiple times.
INFO    : *            Results will be unpredictable, and likely incorrect.  Information on the locations follows:
INFO    : *              located within: "ch-generalites" (xml:id), "Espaces de probabilité" (title)
INFO    : *              located within: "ch-generalites" (xml:id), "Variables aléatoires discrètes" (title)
INFO    : * PTX:INFO:   checking ONLY the last TWO YEARS of element deprecations.
Rerun with the string parameter "author.deprecations.all" set to "yes" to check your source against all deprecations.
INFO    : successful application of /home/bmint/.ptx/2.12.0/core/xsl/pretext-html.xsl
INFO    : Removing temporary directory /tmp/ptx-vd6ur32u
INFO    : Removing temporary directory /tmp/ptx-nf3410t8
INFO    : 
Success! Run `pretext view` to see the results.

INFO    : 
----------------------------------------------------
INFO    : While running pretext, the following errors occurred:

INFO    : (see log messages above or in the 'logs' folder for more information)
INFO    : ----------------------------------------------------
